# JRE version: Java(TM) SE Runtime Environment (8.0_121-b13) (build 1.8.0_121-b13)
# Java VM: Java HotSpot(TM) 64-Bit Server VM (25.121-b13 mixed mode windows-amd64 compressed oops)
Heap:
 PSYoungGen      total 134656K, used 7616K [0x00000000eab00000, 0x00000000fbb00000, 0x0000000100000000)
  eden space 125952K, 6% used [0x00000000eab00000,0x00000000eb270050,0x00000000f2600000)
  from space 8704K, 0% used [0x00000000f3480000,0x00000000f3480000,0x00000000f3d00000)
  to   space 14848K, 0% used [0x00000000f2600000,0x00000000f2600000,0x00000000f3480000)
 ParOldGen       total 80896K, used 16234K [0x00000000c0000000, 0x00000000c4f00000, 0x00000000eab00000)
  object space 80896K, 20% used [0x00000000c0000000,0x00000000c0fda870,0x00000000c4f00000)
 Metaspace       used 34767K, capacity 35440K, committed 35672K, reserved 1079296K
  class space    used 4946K, capacity 5153K, committed 5208K, reserved 1048576K
GC Heap History (10 events):
Event: 4.873 GC heap before
{Heap before GC invocations=4 (full 1):
 PSYoungGen      total 75776K, used 10728K [0x00000000eab00000, 0x00000000f3f00000, 0x0000000100000000)
  eden space 65024K, 0% used [0x00000000eab00000,0x00000000eab00000,0x00000000eea80000)
  from space 10752K, 99% used [0x00000000eea80000,0x00000000ef4fa090,0x00000000ef500000)
  to   space 10752K, 0% used [0x00000000f3480000,0x00000000f3480000,0x00000000f3f00000)
 ParOldGen       total 173568K, used 1677K [0x00000000c0000000, 0x00000000ca980000, 0x00000000eab00000)
  object space 173568K, 0% used [0x00000000c0000000,0x00000000c01a36c8,0x00000000ca980000)
 Metaspace       used 20736K, capacity 21114K, committed 21248K, reserved 1067008K
  class space    used 2818K, capacity 2975K, committed 3072K, reserved 1048576K
Event: 4.909 GC heap after
Heap after GC invocations=4 (full 1):
 PSYoungGen      total 75776K, used 0K [0x00000000eab00000, 0x00000000f3f00000, 0x0000000100000000)
  eden space 65024K, 0% used [0x00000000eab00000,0x00000000eab00000,0x00000000eea80000)
  from space 10752K, 0% used [0x00000000eea80000,0x00000000eea80000,0x00000000ef500000)
  to   space 10752K, 0% used [0x00000000f3480000,0x00000000f3480000,0x00000000f3f00000)
 ParOldGen       total 80896K, used 11549K [0x00000000c0000000, 0x00000000c4f00000, 0x00000000eab00000)
  object space 80896K, 14% used [0x00000000c0000000,0x00000000c0b47478,0x00000000c4f00000)
 Metaspace       used 20736K, capacity 21114K, committed 21248K, reserved 1067008K
  class space    used 2818K, capacity 2975K, committed 3072K, reserved 1048576K
}
Event: 5.863 GC heap before
{Heap before GC invocations=5 (full 1):
 PSYoungGen      total 75776K, used 65024K [0x00000000eab00000, 0x00000000f3f00000, 0x0000000100000000)
  eden space 65024K, 100% used [0x00000000eab00000,0x00000000eea80000,0x00000000eea80000)
  from space 10752K, 0% used [0x00000000eea80000,0x00000000eea80000,0x00000000ef500000)
  to   space 10752K, 0% used [0x00000000f3480000,0x00000000f3480000,0x00000000f3f00000)
 ParOldGen       total 80896K, used 11549K [0x00000000c0000000, 0x00000000c4f00000, 0x00000000eab00000)
  object space 80896K, 14% used [0x00000000c0000000,0x00000000c0b47478,0x00000000c4f00000)
 Metaspace       used 25931K, capacity 26398K, committed 26624K, reserved 1073152K
  class space    used 3680K, capacity 3832K, committed 3840K, reserved 1048576K
Event: 5.882 GC heap after
Heap after GC invocations=5 (full 1):
 PSYoungGen      total 136704K, used 7295K [0x00000000eab00000, 0x00000000f3d00000, 0x0000000100000000)
  eden space 128000K, 0% used [0x00000000eab00000,0x00000000eab00000,0x00000000f2800000)
  from space 8704K, 83% used [0x00000000f3480000,0x00000000f3b9fc50,0x00000000f3d00000)
  to   space 10752K, 0% used [0x00000000f2800000,0x00000000f2800000,0x00000000f3280000)
 ParOldGen       total 80896K, used 11557K [0x00000000c0000000, 0x00000000c4f00000, 0x00000000eab00000)
  object space 80896K, 14% used [0x00000000c0000000,0x00000000c0b49478,0x00000000c4f00000)
 Metaspace       used 25931K, capacity 26398K, committed 26624K, reserved 1073152K
  class space    used 3680K, capacity 3832K, committed 3840K, reserved 1048576K
}
Event: 7.649 GC heap before
{Heap before GC invocations=6 (full 1):
 PSYoungGen      total 136704K, used 135295K [0x00000000eab00000, 0x00000000f3d00000, 0x0000000100000000)
  eden space 128000K, 100% used [0x00000000eab00000,0x00000000f2800000,0x00000000f2800000)
  from space 8704K, 83% used [0x00000000f3480000,0x00000000f3b9fc50,0x00000000f3d00000)
  to   space 10752K, 0% used [0x00000000f2800000,0x00000000f2800000,0x00000000f3280000)
 ParOldGen       total 80896K, used 11557K [0x00000000c0000000, 0x00000000c4f00000, 0x00000000eab00000)
  object space 80896K, 14% used [0x00000000c0000000,0x00000000c0b49478,0x00000000c4f00000)
 Metaspace       used 33852K, capacity 34472K, committed 34688K, reserved 1079296K
  class space    used 4798K, capacity 4948K, committed 4992K, reserved 1048576K
Event: 7.662 GC heap after
Heap after GC invocations=6 (full 1):
 PSYoungGen      total 138752K, used 10741K [0x00000000eab00000, 0x00000000f3d00000, 0x0000000100000000)
  eden space 128000K, 0% used [0x00000000eab00000,0x00000000eab00000,0x00000000f2800000)
  from space 10752K, 99% used [0x00000000f2800000,0x00000000f327d478,0x00000000f3280000)
  to   space 8704K, 0% used [0x00000000f3480000,0x00000000f3480000,0x00000000f3d00000)
 ParOldGen       total 80896K, used 14727K [0x00000000c0000000, 0x00000000c4f00000, 0x00000000eab00000)
  object space 80896K, 18% used [0x00000000c0000000,0x00000000c0e61d48,0x00000000c4f00000)
 Metaspace       used 33852K, capacity 34472K, committed 34688K, reserved 1079296K
  class space    used 4798K, capacity 4948K, committed 4992K, reserved 1048576K
}
Event: 25.925 GC heap before
{Heap before GC invocations=7 (full 1):
 PSYoungGen      total 138752K, used 37277K [0x00000000eab00000, 0x00000000f3d00000, 0x0000000100000000)
  eden space 128000K, 20% used [0x00000000eab00000,0x00000000ec4ea308,0x00000000f2800000)
  from space 10752K, 99% used [0x00000000f2800000,0x00000000f327d478,0x00000000f3280000)
  to   space 8704K, 0% used [0x00000000f3480000,0x00000000f3480000,0x00000000f3d00000)
 ParOldGen       total 80896K, used 14727K [0x00000000c0000000, 0x00000000c4f00000, 0x00000000eab00000)
  object space 80896K, 18% used [0x00000000c0000000,0x00000000c0e61d48,0x00000000c4f00000)
 Metaspace       used 34616K, capacity 35304K, committed 35416K, reserved 1079296K
  class space    used 4923K, capacity 5129K, committed 5208K, reserved 1048576K
Event: 25.932 GC heap after
Heap after GC invocations=7 (full 1):
 PSYoungGen      total 134656K, used 8696K [0x00000000eab00000, 0x00000000fbb00000, 0x0000000100000000)
  eden space 125952K, 0% used [0x00000000eab00000,0x00000000eab00000,0x00000000f2600000)
  from space 8704K, 99% used [0x00000000f3480000,0x00000000f3cfe0e0,0x00000000f3d00000)
  to   space 14848K, 0% used [0x00000000f2600000,0x00000000f2600000,0x00000000f3480000)
 ParOldGen       total 80896K, used 16701K [0x00000000c0000000, 0x00000000c4f00000, 0x00000000eab00000)
  object space 80896K, 20% used [0x00000000c0000000,0x00000000c104f4d8,0x00000000c4f00000)
 Metaspace       used 34616K, capacity 35304K, committed 35416K, reserved 1079296K
  class space    used 4923K, capacity 5129K, committed 5208K, reserved 1048576K
}
Event: 25.932 GC heap before
{Heap before GC invocations=8 (full 2):
 PSYoungGen      total 134656K, used 8696K [0x00000000eab00000, 0x00000000fbb00000, 0x0000000100000000)
  eden space 125952K, 0% used [0x00000000eab00000,0x00000000eab00000,0x00000000f2600000)
  from space 8704K, 99% used [0x00000000f3480000,0x00000000f3cfe0e0,0x00000000f3d00000)
  to   space 14848K, 0% used [0x00000000f2600000,0x00000000f2600000,0x00000000f3480000)
 ParOldGen       total 80896K, used 16701K [0x00000000c0000000, 0x00000000c4f00000, 0x00000000eab00000)
  object space 80896K, 20% used [0x00000000c0000000,0x00000000c104f4d8,0x00000000c4f00000)
 Metaspace       used 34616K, capacity 35304K, committed 35416K, reserved 1079296K
  class space    used 4923K, capacity 5129K, committed 5208K, reserved 1048576K
Event: 25.999 GC heap after
Heap after GC invocations=8 (full 2):
 PSYoungGen      total 134656K, used 0K [0x00000000eab00000, 0x00000000fbb00000, 0x0000000100000000)
  eden space 125952K, 0% used [0x00000000eab00000,0x00000000eab00000,0x00000000f2600000)
  from space 8704K, 0% used [0x00000000f3480000,0x00000000f3480000,0x00000000f3d00000)
  to   space 14848K, 0% used [0x00000000f2600000,0x00000000f2600000,0x00000000f3480000)
 ParOldGen       total 80896K, used 16234K [0x00000000c0000000, 0x00000000c4f00000, 0x00000000eab00000)
  object space 80896K, 20% used [0x00000000c0000000,0x00000000c0fda870,0x00000000c4f00000)
 Metaspace       used 34600K, capacity 35280K, committed 35416K, reserved 1079296K
  class space    used 4917K, capacity 5121K, committed 5208K, reserved 1048576K
}

